  stdafx.cpp
  GameControl.cpp
  GameControl_G.cpp
  GameDlg.cpp
GameDlg.cpp(504): warning C4101: “i”: 未引用的局部变量
  GameDlg_G.cpp
GameDlg_G.cpp(334): warning C4101: “i”: 未引用的局部变量
  GameLogic.cpp
  GameLogic_G.cpp
  Graph.cpp
  Help.cpp
  LLKCppPro.cpp
  LLKCppProDlg.cpp
  Rank.cpp
  Setting.cpp
  正在生成代码
  All 395 functions were compiled because no usable IPDB/IOBJ from previous compilation was found.
  已完成代码的生成
  LLKCppPro.vcxproj -> D:\VSWorkSpace\project\LLKCppPro\Release\LLKCppPro.exe
  LLKCppPro.vcxproj -> D:\VSWorkSpace\project\LLKCppPro\Release\LLKCppPro.pdb (Full PDB)
